-------------------------------------------------------------------------------
Test set: org.javaboy.profile.ProfileApplicationTests
-------------------------------------------------------------------------------
Tests run: 1, Failures: 0, Errors: 1, Skipped: 0, Time elapsed: 2.378 s <<< FAILURE! - in org.javaboy.profile.ProfileApplicationTests
initializationError(org.javaboy.profile.ProfileApplicationTests)  Time elapsed: 0.042 s  <<< ERROR!
java.lang.IllegalStateException: Unable to find a @SpringBootConfiguration, you need to use @ContextConfiguration or @SpringBootTest(classes=...) with your test

