<?xml version="1.0" encoding="UTF-8"?>
<testsuite xmlns:xsi="http://www.w3.org/2001/XMLSchema-instance" xsi:noNamespaceSchemaLocation="https://maven.apache.org/surefire/maven-surefire-plugin/xsd/surefire-test-report.xsd" name="org.javaboy.profile.ProfileApplicationTests" time="2.378" tests="1" errors="1" skipped="0" failures="0">
  <properties>
[...]
</properties>
  <testcase name="initializationError" classname="org.javaboy.profile.ProfileApplicationTests" time="0.042">
    <error message="Unable to find a @SpringBootConfiguration, you need to use @ContextConfiguration or @SpringBootTest(classes=...) with your test" type="java.lang.IllegalStateException">java.lang.IllegalStateException: Unable to find a @SpringBootConfiguration, you need to use @ContextConfiguration or @SpringBootTest(classes=...) with your test
</error>
    <system-out><![CDATA[11:26:32.968 [main] DEBUG org.springframework.test.context.junit4.SpringJUnit4ClassRunner - SpringJUnit4ClassRunner constructor called with [class org.javaboy.profile.ProfileApplicationTests]
11:26:33.010 [main] DEBUG org.springframework.test.context.BootstrapUtils - Instantiating CacheAwareContextLoaderDelegate from class [org.springframework.test.context.cache.DefaultCacheAwareContextLoaderDelegate]
11:26:33.064 [main] DEBUG org.springframework.test.context.BootstrapUtils - Instantiating BootstrapContext using constructor [public org.springframework.test.context.support.DefaultBootstrapContext(java.lang.Class,org.springframework.test.context.CacheAwareContextLoaderDelegate)]
11:26:33.166 [main] DEBUG org.springframework.test.context.BootstrapUtils - Instantiating TestContextBootstrapper for test class [org.javaboy.profile.ProfileApplicationTests] from class [org.springframework.boot.test.context.SpringBootTestContextBootstrapper]
11:26:33.249 [main] INFO org.springframework.boot.test.context.SpringBootTestContextBootstrapper - Neither @ContextConfiguration nor @ContextHierarchy found for test class [org.javaboy.profile.ProfileApplicationTests], using SpringBootContextLoader
11:26:33.260 [main] DEBUG org.springframework.test.context.support.AbstractContextLoader - Did not detect default resource location for test class [org.javaboy.profile.ProfileApplicationTests]: class path resource [org/javaboy/profile/ProfileApplicationTests-context.xml] does not exist
11:26:33.261 [main] DEBUG org.springframework.test.context.support.AbstractContextLoader - Did not detect default resource location for test class [org.javaboy.profile.ProfileApplicationTests]: class path resource [org/javaboy/profile/ProfileApplicationTestsContext.groovy] does not exist
11:26:33.262 [main] INFO org.springframework.test.context.support.AbstractContextLoader - Could not detect default resource locations for test class [org.javaboy.profile.ProfileApplicationTests]: no resource found for suffixes {-context.xml, Context.groovy}.
11:26:33.263 [main] INFO org.springframework.test.context.support.AnnotationConfigContextLoaderUtils - Could not detect default configuration classes for test class [org.javaboy.profile.ProfileApplicationTests]: ProfileApplicationTests does not declare any static, non-private, non-final, nested classes annotated with @Configuration.
11:26:33.451 [main] DEBUG org.springframework.test.context.support.ActiveProfilesUtils - Could not find an 'annotation declaring class' for annotation type [org.springframework.test.context.ActiveProfiles] and class [org.javaboy.profile.ProfileApplicationTests]
]]></system-out>
  </testcase>
</testsuite>